Using pre-set license
Built from '2020.3/staging' branch; Version is '2020.3.8f1 (507919d4fff5) revision 5273881'; Using compiler version '192528614'; Build Type 'Release'
OS: 'Windows 10 Pro; OS build 19044.2006; Version 2009; 64bit' Language: 'es' Physical Memory: 8072 MB
BatchMode: 1, IsHumanControllingUs: 0, StartBugReporterOnCrash: 0, Is64bit: 1, IsPro: 0

 COMMAND LINE ARGUMENTS:
C:\Program Files\Unity\Hub\Editor\2020.3.8f1\Editor\Unity.exe
-adb2
-batchMode
-noUpm
-name
AssetImportWorker0
-projectPath
C:/Users/dlkisl/Desktop/GitHub/IFTS/-IFTS-
-logFile
Logs/AssetImportWorker0.log
-srvPort
50518
Successfully changed project path to: C:/Users/dlkisl/Desktop/GitHub/IFTS/-IFTS-
C:/Users/dlkisl/Desktop/GitHub/IFTS/-IFTS-
Using Asset Import Pipeline V2.
Refreshing native plugins compatible for Editor in 680.50 ms, found 3 plugins.
Preloading 0 native plugins for Editor in 0.00 ms.
Initialize engine version: 2020.3.8f1 (507919d4fff5)
[Subsystems] Discovering subsystems at path C:/Program Files/Unity/Hub/Editor/2020.3.8f1/Editor/Data/Resources/UnitySubsystems
[Subsystems] Discovering subsystems at path C:/Users/dlkisl/Desktop/GitHub/IFTS/-IFTS-/Assets
GfxDevice: creating device client; threaded=0
Direct3D:
    Version:  Direct3D 11.0 [level 11.1]
    Renderer: Intel(R) HD Graphics 520 (ID=0x1916)
    Vendor:   
    VRAM:     4036 MB
    Driver:   30.0.100.9865
Initialize mono
Mono path[0] = 'C:/Program Files/Unity/Hub/Editor/2020.3.8f1/Editor/Data/Managed'
Mono path[1] = 'C:/Program Files/Unity/Hub/Editor/2020.3.8f1/Editor/Data/MonoBleedingEdge/lib/mono/unityjit'
Mono config path = 'C:/Program Files/Unity/Hub/Editor/2020.3.8f1/Editor/Data/MonoBleedingEdge/etc'
Using monoOptions --debugger-agent=transport=dt_socket,embedding=1,server=y,suspend=n,address=127.0.0.1:56724
Begin MonoManager ReloadAssembly
Registering precompiled unity dll's ...
Register platform support module: C:/Program Files/Unity/Hub/Editor/2020.3.8f1/Editor/Data/PlaybackEngines/WindowsStandaloneSupport/UnityEditor.WindowsStandalone.Extensions.dll
Registered in 0.002850 seconds.
Native extension for WindowsStandalone target not found
Refreshing native plugins compatible for Editor in 71.55 ms, found 3 plugins.
Preloading 0 native plugins for Editor in 0.00 ms.
Mono: successfully reloaded assembly
- Completed reload, in  5.632 seconds
Platform modules already initialized, skipping
Registering precompiled user dll's ...
Registered in 0.005178 seconds.
Begin MonoManager ReloadAssembly
Native extension for WindowsStandalone target not found
Refreshing native plugins compatible for Editor in 62.49 ms, found 3 plugins.
Preloading 0 native plugins for Editor in 0.00 ms.
Mono: successfully reloaded assembly
- Completed reload, in  1.567 seconds
Platform modules already initialized, skipping
========================================================================
Worker process is ready to serve import requests
Launched and connected shader compiler UnityShaderCompiler.exe after 0.07 seconds
Refreshing native plugins compatible for Editor in 0.54 ms, found 3 plugins.
Preloading 0 native plugins for Editor in 0.00 ms.
Unloading 2350 Unused Serialized files (Serialized files now loaded: 0)
System memory in use before: 101.2 MB.
System memory in use after: 101.4 MB.

Unloading 27 unused Assets to reduce memory usage. Loaded Objects now: 2789.
Total: 3.202800 ms (FindLiveObjects: 0.262500 ms CreateObjectMapping: 0.141600 ms MarkObjects: 2.709100 ms  DeleteObjects: 0.088300 ms)

========================================================================
Received Import Request.
  path: Assets/Scenes/Grupo3.unity
  artifactKey: Guid(67b69a074bfe23140a9ad87a45f606f6) Importer(815301076,1909f56bfc062723c751e8b465ee728b)
Start importing Assets/Scenes/Grupo3.unity using Guid(67b69a074bfe23140a9ad87a45f606f6) Importer(815301076,1909f56bfc062723c751e8b465ee728b)  -> (artifact id: 'b4182a3752aa270328525c77d381f1d8') in 0.020050 seconds
  Import took 0.024073 seconds .

========================================================================
Received Import Request.
  Time since last request: 0.000374 seconds.
  path: Assets/Scenes/Grupo1.unity
  artifactKey: Guid(b7657fbda92b1244c8eb9710ddc8bcca) Importer(815301076,1909f56bfc062723c751e8b465ee728b)
Start importing Assets/Scenes/Grupo1.unity using Guid(b7657fbda92b1244c8eb9710ddc8bcca) Importer(815301076,1909f56bfc062723c751e8b465ee728b)  -> (artifact id: '68bc7ef096fb355a27a3f7b72dc04329') in 0.007471 seconds
  Import took 0.013800 seconds .

========================================================================
Received Import Request.
  Time since last request: 0.000429 seconds.
  path: Assets/Scenes/Grupo2.unity
  artifactKey: Guid(668c4fe983191034f9ba36b44825495d) Importer(815301076,1909f56bfc062723c751e8b465ee728b)
Start importing Assets/Scenes/Grupo2.unity using Guid(668c4fe983191034f9ba36b44825495d) Importer(815301076,1909f56bfc062723c751e8b465ee728b)  -> (artifact id: 'c37b7ad952d7ccb91b1367c1773d99b6') in 0.008230 seconds
  Import took 0.016016 seconds .

AssetImportWorkerClient::OnTransportError - code=2 error=End of file
